
/home/runner/work/exp-pushdown-automaton-iiith/exp-pushdown-automaton-iiith/experiment/simulation/js/data.js
   7:7  warning  'pdfa1' is assigned a value but never used  no-unused-vars
  74:7  warning  'pdfa2' is assigned a value but never used  no-unused-vars

/home/runner/work/exp-pushdown-automaton-iiith/exp-pushdown-automaton-iiith/experiment/simulation/js/helper.js
    7:2   warning  'elem' is not defined                      no-undef
    9:4   warning  'elem' is not defined                      no-undef
   11:9   warning  'elem' is not defined                      no-undef
   14:10  warning  'newElement' is defined but never used     no-unused-vars
   15:2   warning  'elem' is not defined                      no-undef
   17:4   warning  'elem' is not defined                      no-undef
   19:9   warning  'elem' is not defined                      no-undef
   22:10  warning  'clearElem' is defined but never used      no-unused-vars
   29:10  warning  'displayCanvas' is defined but never used  no-unused-vars
   30:3   warning  'sine45' is not defined                    no-undef
   32:3   warning  'nodes' is not defined                     no-undef
   33:3   warning  'edges' is not defined                     no-undef
   37:5   warning  'newnode' is not defined                   no-undef
   40:12  warning  'width' is not defined                     no-undef
   40:26  warning  'width' is not defined                     no-undef
   41:12  warning  'height' is not defined                    no-undef
   43:5   warning  'nodes' is not defined                     no-undef
   43:16  warning  'newnode' is not defined                   no-undef
   47:3   warning  'nodes' is not defined                     no-undef
   48:5   warning  'color' is not defined                     no-undef
   49:5   warning  'stroke_width' is not defined              no-undef
   51:7   warning  'color' is not defined                     no-undef
   52:7   warning  'stroke_width' is not defined              no-undef
   54:7   warning  'color' is not defined                     no-undef
   55:7   warning  'stroke_width' is not defined              no-undef
   57:5   warning  'fillColor' is not defined                 no-undef
   59:7   warning  'fillColor' is not defined                 no-undef
   61:5   warning  'circleElem' is not defined                no-undef
   65:13  warning  'radius' is not defined                    no-undef
   66:18  warning  'color' is not defined                     no-undef
   67:16  warning  'fillColor' is not defined                 no-undef
   68:24  warning  'stroke_width' is not defined              no-undef
   71:5   warning  'textElem' is not defined                  no-undef
   77:5   warning  'textElem' is not defined                  no-undef
   79:24  warning  'circleElem' is not defined                no-undef
   80:24  warning  'textElem' is not defined                  no-undef
   84:40  warning  'index' is defined but never used          no-unused-vars
   85:5   warning  'newEdge' is not defined                   no-undef
  104:5   warning  'nodes' is not defined                     no-undef
  106:9   warning  'newEdge' is not defined                   no-undef
  107:9   warning  'newEdge' is not defined                   no-undef
  110:9   warning  'newEdge' is not defined                   no-undef
  111:9   warning  'newEdge' is not defined                   no-undef
  116:7   warning  'newEdge' is not defined                   no-undef
  116:31  warning  'newEdge' is not defined                   no-undef
  116:53  warning  'radius' is not defined                    no-undef
  116:60  warning  'sine45' is not defined                    no-undef
  117:7   warning  'newEdge' is not defined                   no-undef
  117:29  warning  'newEdge' is not defined                   no-undef
  117:49  warning  'radius' is not defined                    no-undef
  117:56  warning  'sine45' is not defined                    no-undef
  119:7   warning  'newEdge' is not defined                   no-undef
  119:31  warning  'newEdge' is not defined                   no-undef
  119:53  warning  'radius' is not defined                    no-undef
  119:60  warning  'sine45' is not defined                    no-undef
  120:7   warning  'newEdge' is not defined                   no-undef
  120:29  warning  'newEdge' is not defined                   no-undef
  120:49  warning  'radius' is not defined                    no-undef
  120:56  warning  'sine45' is not defined                    no-undef
  122:7   warning  'newEdge' is not defined                   no-undef
  122:30  warning  'newEdge' is not defined                   no-undef
  122:52  warning  'newEdge' is not defined                   no-undef
  123:7   warning  'newEdge' is not defined                   no-undef
  123:29  warning  'newEdge' is not defined                   no-undef
  123:51  warning  'radius' is not defined                    no-undef
  125:7   warning  'newEdge' is not defined                   no-undef
  125:31  warning  'newEdge' is not defined                   no-undef
  125:53  warning  'radius' is not defined                    no-undef
  125:60  warning  'sine45' is not defined                    no-undef
  126:7   warning  'newEdge' is not defined                   no-undef
  126:29  warning  'newEdge' is not defined                   no-undef
  126:49  warning  'radius' is not defined                    no-undef
  126:56  warning  'sine45' is not defined                    no-undef
  128:7   warning  'newEdge' is not defined                   no-undef
  128:31  warning  'newEdge' is not defined                   no-undef
  128:53  warning  'radius' is not defined                    no-undef
  128:60  warning  'sine45' is not defined                    no-undef
  129:7   warning  'newEdge' is not defined                   no-undef
  129:29  warning  'newEdge' is not defined                   no-undef
  129:49  warning  'radius' is not defined                    no-undef
  129:56  warning  'sine45' is not defined                    no-undef
  131:7   warning  'newEdge' is not defined                   no-undef
  131:30  warning  'newEdge' is not defined                   no-undef
  131:52  warning  'newEdge' is not defined                   no-undef
  132:7   warning  'newEdge' is not defined                   no-undef
  132:29  warning  'newEdge' is not defined                   no-undef
  132:51  warning  'radius' is not defined                    no-undef
  134:7   warning  'newEdge' is not defined                   no-undef
  134:31  warning  'newEdge' is not defined                   no-undef
  134:53  warning  'radius' is not defined                    no-undef
  134:60  warning  'sine45' is not defined                    no-undef
  135:7   warning  'newEdge' is not defined                   no-undef
  135:31  warning  'newEdge' is not defined                   no-undef
  135:53  warning  'radius' is not defined                    no-undef
  135:60  warning  'sine45' is not defined                    no-undef
  137:7   warning  'newEdge' is not defined                   no-undef
  137:29  warning  'newEdge' is not defined                   no-undef
  137:49  warning  'radius' is not defined                    no-undef
  137:56  warning  'sine45' is not defined                    no-undef
  138:7   warning  'newEdge' is not defined                   no-undef
  138:29  warning  'newEdge' is not defined                   no-undef
  138:49  warning  'radius' is not defined                    no-undef
  138:56  warning  'sine45' is not defined                    no-undef
  140:7   warning  'newEdge' is not defined                   no-undef
  140:30  warning  'newEdge' is not defined                   no-undef
  140:52  warning  'newEdge' is not defined                   no-undef
  141:7   warning  'newEdge' is not defined                   no-undef
  141:29  warning  'newEdge' is not defined                   no-undef
  141:53  warning  'radius' is not defined                    no-undef
  144:5   warning  'edges' is not defined                     no-undef
  144:16  warning  'newEdge' is not defined                   no-undef
  148:3   warning  'edges' is not defined                     no-undef
  149:5   warning  'baseId' is not defined                    no-undef
  151:5   warning  'linepoints' is not defined                no-undef
  153:7   warning  'linepoints' is not defined                no-undef
  160:7   warning  'linepoints' is not defined                no-undef
  165:7   warning  'linepoints' is not defined                no-undef
  171:5   warning  'edgeColor' is not defined                 no-undef
  172:5   warning  'line' is not defined                      no-undef
  173:14  warning  'baseId' is not defined                    no-undef
  174:13  warning  'linepoints' is not defined                no-undef
  176:18  warning  'edgeColor' is not defined                 no-undef
  179:5   warning  'mid_x' is not defined                     no-undef
  180:5   warning  'mid_y' is not defined                     no-undef
  182:5   warning  'linemarkerpoints' is not defined          no-undef
  184:7   warning  'mid_y' is not defined                     no-undef
  185:7   warning  'linemarkerpoints' is not defined          no-undef
  185:27  warning  'mid_x' is not defined                     no-undef
  185:39  warning  'mid_y' is not defined                     no-undef
  185:53  warning  'mid_x' is not defined                     no-undef
  185:67  warning  'mid_y' is not defined                     no-undef
  185:79  warning  'mid_x' is not defined                     no-undef
  185:91  warning  'mid_y' is not defined                     no-undef
  187:7   warning  'mid_y' is not defined                     no-undef
  188:7   warning  'linemarkerpoints' is not defined          no-undef
  188:27  warning  'mid_x' is not defined                     no-undef
  188:39  warning  'mid_y' is not defined                     no-undef
  188:53  warning  'mid_x' is not defined                     no-undef
  188:67  warning  'mid_y' is not defined                     no-undef
  188:79  warning  'mid_x' is not defined                     no-undef
  188:91  warning  'mid_y' is not defined                     no-undef
  190:7   warning  'mid_y' is not defined                     no-undef
  191:7   warning  'linemarkerpoints' is not defined          no-undef
  191:27  warning  'mid_x' is not defined                     no-undef
  191:39  warning  'mid_y' is not defined                     no-undef
  191:53  warning  'mid_x' is not defined                     no-undef
  191:67  warning  'mid_y' is not defined                     no-undef
  191:79  warning  'mid_x' is not defined                     no-undef
  191:91  warning  'mid_y' is not defined                     no-undef
  194:5   warning  'linemarker' is not defined                no-undef
  195:14  warning  'baseId' is not defined                    no-undef
  196:18  warning  'linemarkerpoints' is not defined          no-undef
  199:5   warning  'textline' is not defined                  no-undef
  200:14  warning  'baseId' is not defined                    no-undef
  202:5   warning  'textlinepath' is not defined              no-undef
  203:14  warning  'baseId' is not defined                    no-undef
  204:20  warning  'baseId' is not defined                    no-undef
  207:5   warning  'textlinepath' is not defined              no-undef
  209:24  warning  'line' is not defined                      no-undef
  210:24  warning  'linemarker' is not defined                no-undef
  211:5   warning  'textline' is not defined                  no-undef
  211:26  warning  'textlinepath' is not defined              no-undef
  212:24  warning  'textline' is not defined                  no-undef
  216:5   warning  'color' is not defined                     no-undef
  217:5   warning  'stroke_width' is not defined              no-undef
  218:5   warning  'fillColor' is not defined                 no-undef
  220:7   warning  'stackItemHeight' is not defined           no-undef
  221:7   warning  'stackItemY' is not defined                no-undef
  222:7   warning  'block' is not defined                     no-undef
  225:22  warning  'stackItemY' is not defined                no-undef
  227:27  warning  'stackItemHeight' is not defined           no-undef
  229:20  warning  'color' is not defined                     no-undef
  230:18  warning  'fillColor' is not defined                 no-undef
  231:26  warning  'stroke_width' is not defined              no-undef
  233:33  warning  'block' is not defined                     no-undef
  236:7   warning  'stackItemHeight' is not defined           no-undef
  237:7   warning  'stackItemY' is not defined                no-undef
  237:46  warning  'stackItemHeight' is not defined           no-undef
  238:7   warning  'blockText' is not defined                 no-undef
  240:22  warning  'stackItemY' is not defined                no-undef
  243:7   warning  'blockText' is not defined                 no-undef
  244:33  warning  'blockText' is not defined                 no-undef
  248:11  warning  'nodes' is not defined                     no-undef
  248:18  warning  'edges' is not defined                     no-undef

/home/runner/work/exp-pushdown-automaton-iiith/exp-pushdown-automaton-iiith/experiment/simulation/js/main.js
    6:1   warning  'width' is not defined                        no-undef
    7:1   warning  'height' is not defined                       no-undef
    8:1   warning  'radius' is not defined                       no-undef
   10:1   warning  'pdfa' is not defined                         no-undef
   10:9   warning  'pdfa1' is not defined                        no-undef
   10:16  warning  'pdfa2' is not defined                        no-undef
   11:1   warning  'pdfaIndex' is not defined                    no-undef
   13:1   warning  'inputIndex' is not defined                   no-undef
   14:1   warning  'inputPointer' is not defined                 no-undef
   16:1   warning  'nodes' is not defined                        no-undef
   17:1   warning  'edges' is not defined                        no-undef
   20:3   warning  'clearElem' is not defined                    no-undef
   20:13  warning  'canvas' is not defined                       no-undef
   21:3   warning  'clearElem' is not defined                    no-undef
   21:13  warning  'push_down_stack' is not defined              no-undef
   23:3   warning  'curr' is not defined                         no-undef
   24:6   warning  'inputPointer' is not defined                 no-undef
   25:27  warning  'inputPointer' is not defined                 no-undef
   25:41  warning  'curr' is not defined                         no-undef
   27:5   warning  'curr' is not defined                         no-undef
   27:12  warning  'pdfa' is not defined                         no-undef
   27:17  warning  'pdfaIndex' is not defined                    no-undef
   27:37  warning  'inputIndex' is not defined                   no-undef
   27:59  warning  'inputPointer' is not defined                 no-undef
   28:26  warning  'inputPointer' is not defined                 no-undef
   28:40  warning  'curr' is not defined                         no-undef
   31:3   warning  'PDFADescriptionContainer' is not defined     no-undef
   32:3   warning  'clearElem' is not defined                    no-undef
   32:13  warning  'PDFADescriptionContainer' is not defined     no-undef
   33:3   warning  'span' is not defined                         no-undef
   33:10  warning  'newElement' is not defined                   no-undef
   33:68  warning  'textColor' is not defined                    no-undef
   34:3   warning  'text' is not defined                         no-undef
   34:34  warning  'pdfa' is not defined                         no-undef
   34:39  warning  'pdfaIndex' is not defined                    no-undef
   35:3   warning  'span' is not defined                         no-undef
   35:20  warning  'text' is not defined                         no-undef
   36:3   warning  'PDFADescriptionContainer' is not defined     no-undef
   36:40  warning  'text' is not defined                         no-undef
   38:3   warning  'res' is not defined                          no-undef
   38:9   warning  'displayCanvas' is not defined                no-undef
   38:23  warning  'canvas' is not defined                       no-undef
   38:31  warning  'push_down_stack' is not defined              no-undef
   38:48  warning  'pdfa' is not defined                         no-undef
   38:53  warning  'pdfaIndex' is not defined                    no-undef
   38:65  warning  'inputPointer' is not defined                 no-undef
   38:79  warning  'inputIndex' is not defined                   no-undef
   38:91  warning  'curr' is not defined                         no-undef
   40:3   warning  'nodes' is not defined                        no-undef
   40:11  warning  'res' is not defined                          no-undef
   41:3   warning  'edges' is not defined                        no-undef
   41:11  warning  'res' is not defined                          no-undef
   45:3   warning  'inputIndex' is not defined                   no-undef
   46:3   warning  'inputPointer' is not defined                 no-undef
   52:3   warning  'inputContainer' is not defined               no-undef
   53:3   warning  'clearElem' is not defined                    no-undef
   53:13  warning  'inputContainer' is not defined               no-undef
   54:17  warning  'pdfa' is not defined                         no-undef
   54:22  warning  'pdfaIndex' is not defined                    no-undef
   54:42  warning  'inputIndex' is not defined                   no-undef
   55:5   warning  'textColor' is not defined                    no-undef
   56:8   warning  'inputPointer' is not defined                 no-undef
   57:7   warning  'textColor' is not defined                    no-undef
   59:5   warning  'span' is not defined                         no-undef
   59:12  warning  'newElement' is not defined                   no-undef
   59:61  warning  'textColor' is not defined                    no-undef
   60:5   warning  'text' is not defined                         no-undef
   60:36  warning  'pdfa' is not defined                         no-undef
   60:41  warning  'pdfaIndex' is not defined                    no-undef
   60:61  warning  'inputIndex' is not defined                   no-undef
   61:5   warning  'span' is not defined                         no-undef
   61:22  warning  'text' is not defined                         no-undef
   62:5   warning  'inputContainer' is not defined               no-undef
   62:32  warning  'span' is not defined                         no-undef
   67:3   warning  'stack' is not defined                        no-undef
   68:3   warning  'clearElem' is not defined                    no-undef
   68:13  warning  'stack' is not defined                        no-undef
   72:3   warning  'stack' is not defined                        no-undef
   73:3   warning  'listElem' is not defined                     no-undef
   73:14  warning  'newElement' is not defined                   no-undef
   74:3   warning  'textNode' is not defined                     no-undef
   75:3   warning  'listElem' is not defined                     no-undef
   75:24  warning  'textNode' is not defined                     no-undef
   76:3   warning  'stack' is not defined                        no-undef
   76:21  warning  'listElem' is not defined                     no-undef
   81:3   warning  'stack' is not defined                        no-undef
   82:6   warning  'stack' is not defined                        no-undef
   83:5   warning  'stack' is not defined                        no-undef
   83:23  warning  'stack' is not defined                        no-undef
   88:3   warning  'transitionTable' is not defined              no-undef
   89:3   warning  'clearElem' is not defined                    no-undef
   89:13  warning  'transitionTable' is not defined              no-undef
   91:3   warning  'table' is not defined                        no-undef
   91:11  warning  'newElement' is not defined                   no-undef
   92:3   warning  'tr0' is not defined                          no-undef
   92:9   warning  'newElement' is not defined                   no-undef
   94:3   warning  'tr0th1' is not defined                       no-undef
   94:12  warning  'newElement' is not defined                   no-undef
   95:3   warning  'tr0th1' is not defined                       no-undef
   96:3   warning  'tr0th2' is not defined                       no-undef
   96:12  warning  'newElement' is not defined                   no-undef
   97:3   warning  'tr0th2' is not defined                       no-undef
   98:3   warning  'tr0th3' is not defined                       no-undef
   98:12  warning  'newElement' is not defined                   no-undef
   99:3   warning  'tr0th3' is not defined                       no-undef
  100:3   warning  'tr0th4' is not defined                       no-undef
  100:12  warning  'newElement' is not defined                   no-undef
  101:3   warning  'tr0th4' is not defined                       no-undef
  102:3   warning  'tr0th5' is not defined                       no-undef
  102:12  warning  'newElement' is not defined                   no-undef
  103:3   warning  'tr0th5' is not defined                       no-undef
  105:3   warning  'tr0' is not defined                          no-undef
  105:19  warning  'tr0th1' is not defined                       no-undef
  106:3   warning  'tr0' is not defined                          no-undef
  106:19  warning  'tr0th2' is not defined                       no-undef
  107:3   warning  'tr0' is not defined                          no-undef
  107:19  warning  'tr0th3' is not defined                       no-undef
  108:3   warning  'tr0' is not defined                          no-undef
  108:19  warning  'tr0th4' is not defined                       no-undef
  109:3   warning  'tr0' is not defined                          no-undef
  109:19  warning  'tr0th5' is not defined                       no-undef
  111:3   warning  'table' is not defined                        no-undef
  111:21  warning  'tr0' is not defined                          no-undef
  113:15  warning  'pdfa' is not defined                         no-undef
  113:20  warning  'pdfaIndex' is not defined                    no-undef
  114:5   warning  'tr' is not defined                           no-undef
  114:10  warning  'newElement' is not defined                   no-undef
  116:5   warning  'trtd0' is not defined                        no-undef
  116:13  warning  'newElement' is not defined                   no-undef
  117:5   warning  'trtd0' is not defined                        no-undef
  119:5   warning  'trtd1' is not defined                        no-undef
  119:13  warning  'newElement' is not defined                   no-undef
  120:5   warning  'text' is not defined                         no-undef
  121:5   warning  'pdfa' is not defined                         no-undef
  121:10  warning  'pdfaIndex' is not defined                    no-undef
  122:7   warning  'text' is not defined                         no-undef
  123:7   warning  'text' is not defined                         no-undef
  125:5   warning  'trtd1' is not defined                        no-undef
  125:47  warning  'text' is not defined                         no-undef
  127:5   warning  'trtd2' is not defined                        no-undef
  127:13  warning  'newElement' is not defined                   no-undef
  128:5   warning  'text' is not defined                         no-undef
  129:5   warning  'pdfa' is not defined                         no-undef
  129:10  warning  'pdfaIndex' is not defined                    no-undef
  130:7   warning  'text' is not defined                         no-undef
  131:7   warning  'text' is not defined                         no-undef
  133:5   warning  'trtd2' is not defined                        no-undef
  133:47  warning  'text' is not defined                         no-undef
  135:5   warning  'trtd3' is not defined                        no-undef
  135:13  warning  'newElement' is not defined                   no-undef
  136:5   warning  'text' is not defined                         no-undef
  137:5   warning  'pdfa' is not defined                         no-undef
  137:10  warning  'pdfaIndex' is not defined                    no-undef
  138:7   warning  'text' is not defined                         no-undef
  139:7   warning  'text' is not defined                         no-undef
  141:5   warning  'trtd3' is not defined                        no-undef
  141:47  warning  'text' is not defined                         no-undef
  143:5   warning  'trtd4' is not defined                        no-undef
  143:13  warning  'newElement' is not defined                   no-undef
  144:5   warning  'text' is not defined                         no-undef
  145:5   warning  'pdfa' is not defined                         no-undef
  145:10  warning  'pdfaIndex' is not defined                    no-undef
  146:7   warning  'text' is not defined                         no-undef
  147:7   warning  'text' is not defined                         no-undef
  149:5   warning  'trtd4' is not defined                        no-undef
  149:47  warning  'text' is not defined                         no-undef
  151:5   warning  'tr' is not defined                           no-undef
  151:20  warning  'trtd0' is not defined                        no-undef
  152:5   warning  'tr' is not defined                           no-undef
  152:20  warning  'trtd1' is not defined                        no-undef
  153:5   warning  'tr' is not defined                           no-undef
  153:20  warning  'trtd2' is not defined                        no-undef
  154:5   warning  'tr' is not defined                           no-undef
  154:20  warning  'trtd3' is not defined                        no-undef
  155:5   warning  'tr' is not defined                           no-undef
  155:20  warning  'trtd4' is not defined                        no-undef
  157:5   warning  'table' is not defined                        no-undef
  157:23  warning  'tr' is not defined                           no-undef
  160:3   warning  'transitionTable' is not defined              no-undef
  160:31  warning  'table' is not defined                        no-undef
  186:42  warning  'e' is defined but never used                 no-unused-vars
  187:3   warning  'canvas' is not defined                       no-undef
  188:3   warning  'push_down_stack' is not defined              no-undef
  196:3   warning  'changePDFA' is not defined                   no-undef
  197:3   warning  'changePDFA' is not defined                   no-undef
  197:49  warning  'e' is defined but never used                 no-unused-vars
  198:5   warning  'clearElem' is not defined                    no-undef
  198:15  warning  'canvas' is not defined                       no-undef
  199:5   warning  'pdfaIndex' is not defined                    no-undef
  199:17  warning  'pdfaIndex' is not defined                    no-undef
  200:8   warning  'pdfaIndex' is not defined                    no-undef
  200:21  warning  'pdfa' is not defined                         no-undef
  201:7   warning  'pdfaIndex' is not defined                    no-undef
  210:3   warning  'changeInput' is not defined                  no-undef
  211:3   warning  'changeInput' is not defined                  no-undef
  211:50  warning  'e' is defined but never used                 no-unused-vars
  212:5   warning  'inputIndex' is not defined                   no-undef
  212:18  warning  'inputIndex' is not defined                   no-undef
  213:8   warning  'inputIndex' is not defined                   no-undef
  213:22  warning  'pdfa' is not defined                         no-undef
  213:27  warning  'pdfaIndex' is not defined                    no-undef
  214:7   warning  'inputIndex' is not defined                   no-undef
  216:5   warning  'inputPointer' is not defined                 no-undef
  223:3   warning  'next' is not defined                         no-undef
  224:3   warning  'next' is not defined                         no-undef
  224:43  warning  'e' is defined but never used                 no-unused-vars
  225:8   warning  'inputPointer' is not defined                 no-undef
  225:24  warning  'pdfa' is not defined                         no-undef
  225:29  warning  'pdfaIndex' is not defined                    no-undef
  225:49  warning  'inputIndex' is not defined                   no-undef
  226:7   warning  'inputPointer' is not defined                 no-undef
  226:22  warning  'inputPointer' is not defined                 no-undef
  229:7   warning  'str' is not defined                          no-undef
  230:10  warning  'inputPointer' is not defined                 no-undef
  231:9   warning  'str' is not defined                          no-undef
  231:34  warning  'pdfa' is not defined                         no-undef
  231:39  warning  'pdfaIndex' is not defined                    no-undef
  231:59  warning  'inputIndex' is not defined                   no-undef
  231:81  warning  'inputPointer' is not defined                 no-undef
  232:9   warning  'pushDownStackLength' is not defined          no-undef
  232:31  warning  'pdfa' is not defined                         no-undef
  232:36  warning  'pdfaIndex' is not defined                    no-undef
  232:56  warning  'inputIndex' is not defined                   no-undef
  232:77  warning  'inputPointer' is not defined                 no-undef
  233:9   warning  'prevPushDownStackLength' is not defined      no-undef
  233:35  warning  'pdfa' is not defined                         no-undef
  233:40  warning  'pdfaIndex' is not defined                    no-undef
  233:60  warning  'inputIndex' is not defined                   no-undef
  233:81  warning  'inputPointer' is not defined                 no-undef
  234:12  warning  'pushDownStackLength' is not defined          no-undef
  234:34  warning  'prevPushDownStackLength' is not defined      no-undef
  235:11  warning  'str' is not defined                          no-undef
  235:29  warning  'pdfa' is not defined                         no-undef
  235:34  warning  'pdfaIndex' is not defined                    no-undef
  235:54  warning  'inputIndex' is not defined                   no-undef
  235:75  warning  'inputPointer' is not defined                 no-undef
  235:89  warning  'pushDownStackLength' is not defined          no-undef
  236:18  warning  'pushDownStackLength' is not defined          no-undef
  236:40  warning  'prevPushDownStackLength' is not defined      no-undef
  237:11  warning  'str' is not defined                          no-undef
  237:29  warning  'pdfa' is not defined                         no-undef
  237:34  warning  'pdfaIndex' is not defined                    no-undef
  237:54  warning  'inputIndex' is not defined                   no-undef
  237:75  warning  'inputPointer' is not defined                 no-undef
  237:91  warning  'prevPushDownStackLength' is not defined      no-undef
  239:9   warning  'str' is not defined                          no-undef
  239:41  warning  'pdfa' is not defined                         no-undef
  239:46  warning  'pdfaIndex' is not defined                    no-undef
  239:66  warning  'inputIndex' is not defined                   no-undef
  239:88  warning  'inputPointer' is not defined                 no-undef
  240:9   warning  'str' is not defined                          no-undef
  240:29  warning  'pdfa' is not defined                         no-undef
  240:34  warning  'pdfaIndex' is not defined                    no-undef
  240:54  warning  'inputIndex' is not defined                   no-undef
  240:76  warning  'inputPointer' is not defined                 no-undef
  242:10  warning  'inputPointer' is not defined                 no-undef
  243:9   warning  'str' is not defined                          no-undef
  245:18  warning  'str' is not defined                          no-undef
  248:10  warning  'inputPointer' is not defined                 no-undef
  248:24  warning  'pdfa' is not defined                         no-undef
  248:29  warning  'pdfaIndex' is not defined                    no-undef
  248:49  warning  'inputIndex' is not defined                   no-undef
  250:9   warning  'computationStatus' is not defined            no-undef
  252:13  warning  'itr' is not defined                          no-undef
  252:19  warning  'itr' is not defined                          no-undef
  252:23  warning  'pdfa' is not defined                         no-undef
  252:28  warning  'pdfaIndex' is not defined                    no-undef
  252:60  warning  'itr' is not defined                          no-undef
  253:14  warning  'pdfa' is not defined                         no-undef
  253:19  warning  'pdfaIndex' is not defined                    no-undef
  253:42  warning  'itr' is not defined                          no-undef
  253:58  warning  'curr' is not defined                         no-undef
  254:16  warning  'pdfa' is not defined                         no-undef
  254:21  warning  'pdfaIndex' is not defined                    no-undef
  254:44  warning  'itr' is not defined                          no-undef
  255:15  warning  'computationStatus' is not defined            no-undef
  260:9   warning  'swal' is not defined                         no-undef
  260:34  warning  'computationStatus' is not defined            no-undef
  266:3   warning  'prev' is not defined                         no-undef
  267:3   warning  'prev' is not defined                         no-undef
  267:43  warning  'e' is defined but never used                 no-unused-vars
  268:8   warning  'inputPointer' is not defined                 no-undef
  269:7   warning  'inputPointer' is not defined                 no-undef
  269:22  warning  'inputPointer' is not defined                 no-undef
  276:3   warning  'controlContainerDisplay' is not defined      no-undef
  277:3   warning  'instructionContainerDisplay' is not defined  no-undef
  278:3   warning  'traceContainerDisplay' is not defined        no-undef
  280:3   warning  'controlsToggle' is not defined               no-undef
  281:3   warning  'controlsToggle' is not defined               no-undef
  281:53  warning  'e' is defined but never used                 no-unused-vars
  283:5   warning  'controlContainer' is not defined             no-undef
  285:8   warning  'controlContainerDisplay' is not defined      no-undef
  286:7   warning  'controlContainer' is not defined             no-undef
  287:7   warning  'controlContainer' is not defined             no-undef
  288:7   warning  'controlContainerDisplay' is not defined      no-undef
  290:7   warning  'controlContainer' is not defined             no-undef
  291:7   warning  'controlContainer' is not defined             no-undef
  292:7   warning  'controlContainerDisplay' is not defined      no-undef
  297:3   warning  'instructionToggle' is not defined            no-undef
  298:3   warning  'instructionToggle' is not defined            no-undef
  298:56  warning  'e' is defined but never used                 no-unused-vars
  300:5   warning  'instructionContainer' is not defined         no-undef
  302:8   warning  'instructionContainerDisplay' is not defined  no-undef
  303:7   warning  'instructionContainer' is not defined         no-undef
  304:7   warning  'instructionContainer' is not defined         no-undef
  305:7   warning  'instructionContainerDisplay' is not defined  no-undef
  307:7   warning  'instructionContainer' is not defined         no-undef
  308:7   warning  'instructionContainer' is not defined         no-undef
  309:7   warning  'instructionContainerDisplay' is not defined  no-undef
  314:3   warning  'traceToggle' is not defined                  no-undef
  315:3   warning  'traceToggle' is not defined                  no-undef
  315:50  warning  'e' is defined but never used                 no-unused-vars
  317:5   warning  'traceContainer' is not defined               no-undef
  319:8   warning  'traceContainerDisplay' is not defined        no-undef
  320:7   warning  'traceContainer' is not defined               no-undef
  321:7   warning  'traceContainer' is not defined               no-undef
  322:7   warning  'traceContainerDisplay' is not defined        no-undef
  324:7   warning  'traceContainer' is not defined               no-undef
  325:7   warning  'traceContainer' is not defined               no-undef
  326:7   warning  'traceContainerDisplay' is not defined        no-undef

✖ 506 problems (0 errors, 506 warnings)

